TrinityCore rev. unknown 1970-01-01 00:00:00 +0000 (Archived branch) (Unix, Release, Static) (worldserver-daemon)
<Ctrl-C> to stop.

 ______                       __
/\__  _\       __          __/\ \__
\/_/\ \/ _ __ /\_\    ___ /\_\ \, _\  __  __
   \ \ \/\`'__\/\ \ /' _ `\/\ \ \ \/ /\ \/\ \
    \ \ \ \ \/ \ \ \/\ \/\ \ \ \ \ \_\ \ \_\ \
     \ \_\ \_\  \ \_\ \_\ \_\ \_\ \__\\/`____ \
      \/_/\/_/   \/_/\/_/\/_/\/_/\/__/ `/___/> \
                                 C O R E  /\___/
http://TrinityCore.org                    \/__/

Using configuration file /wow/server/etc/worldserver.conf.
Using SSL version: OpenSSL 1.0.2k  26 Jan 2017 (library: OpenSSL 1.0.1t  3 May 2016)
Using Boost version: 1.62.0
Updating Auth database...
>> Auth database is up-to-date! Containing 3 new and 10 archived updates.
Updating Character database...
>> Character database is up-to-date! Containing 1 new and 15 archived updates.
Updating World database...
>> World database is up-to-date! Containing 323 new and 1206 archived updates.
Realm running as realm ID 1
Using World DB: TDB 335.61
Missing name MonsterSight in config file /wow/server/etc/worldserver.conf, add "MonsterSight = 50.000000" to this file
Will clear `logs` table of entries older than 1209600 seconds every 10 minutes.
Using DataDir /wow/server/data/
WORLD: MMap data directory is: /wow/server/data/mmaps
VMap support included. LineOfSight: 1, getHeight: 1, indoorCheck: 1
VMap data directory is: /wow/server/data/vmaps
Loading Trinity strings...
>> Loaded 1065 trinity strings in 2 ms
Initialize data stores...
>> Initialized 111 data stores in 331 ms
Using enUS DBC Locale as default. All available DBC locales: enUS 
>> Loading Cinematic Camera files
>> Loaded 0 cinematic waypoint sets in 0 ms
Loading SpellInfo store...
>> Loaded SpellInfo store in 34 ms
Loading SpellInfo corrections...
>> Loaded SpellInfo corrections in 11 ms
Loading SkillLineAbilityMultiMap Data...
>> Loaded 10219 SkillLineAbility MultiMap Data in 2 ms
Loading SpellInfo custom attributes...
>> Loaded 173 spell custom attributes from DB in 1 ms
>> Loaded SpellInfo custom attributes in 18 ms
Loading GameObject models...
Loading Script Names...
>> Loaded 2542 ScriptNames in 83 ms
Loading Instance Template...
>> Loaded 84 instance templates in 0 ms
Loading instances...
>> Loaded instances in 4 ms
Loading Broadcast texts...
>> Loaded 73039 broadcast texts in 216 ms
>> Loaded 73039 broadcast text locales in 340 ms
Loading Localization strings...
>> Loaded 27246 creature locale strings in 195 ms
>> Loaded 19670 gameobject_template_locale strings in 119 ms
>> Loaded 38112 Item locale strings in 94 ms
>> Loaded 2481 Item set name locale strings in 4 ms
>> Loaded 9464 Quest locale strings in 122 ms
>> Loaded 1946 PageText locale strings in 6 ms
>> Loaded 453 points_of_interest locale strings in 0 ms
>> Localization strings loaded in 542 ms
Loading Account Roles and Permissions...
>> Loaded 667 permission definitions, 650 linked permissions and 4 default permissions in 2 ms
Loading Page Texts...
>> Loaded 1950 page texts in 2 ms
Loading Game Object Templates...
>> Loaded 21530 game object templates in 85 ms
Loading Transport templates...
>> Loaded 30 transport templates in 6 ms
Loading Spell Rank Data...
>> Loaded 3464 spell rank records in 108 ms
Loading Spell Required Data...
>> Loaded 41 spell required records in 0 ms
Loading Spell Group types...
>> Loaded 531 spell group definitions in 1 ms
Loading Spell Learn Skills...
>> Loaded 99 Spell Learn Skills from DBC in 1 ms
Loading Spell Learn Spells...
>> Loaded 8 spell learn spells + 574 found in DBC in 2 ms
Loading Spell Proc Event conditions...
>> Loaded 736 extra spell proc event conditions in 2 ms
Loading Spell Proc conditions and data...
>> Loaded 0 spell proc conditions and data. DB table `spell_proc` is empty.
Loading Spell Bonus Data...
>> Loaded 359 extra spell bonus data in 1 ms
Loading Aggro Spells Definitions...
>> Loaded 106 SpellThreatEntries in 0 ms
Loading Spell Group Stack Rules...
>> Loaded 59 spell group stack rules in 0 ms
Loading NPC Texts...
>> Loaded 8248 npc texts in 79 ms
Loading Enchant Spells Proc datas...
>> Loaded 42 enchant proc data definitions in 0 ms
Loading Item Random Enchantments Table...
>> Loaded 28607 Item Enchantment definitions in 19 ms
Loading Disables
>> Loaded 839 disables in 0 ms
Loading Items...
>> Loaded 38608 item templates in 587 ms
Loading Item set names...
>> Loaded 2481 item set names in 2 ms
Loading Creature Model Based Info Data...
>> Loaded 24143 creature model based info in 25 ms
Loading Creature templates...
>> Loaded 30184 creature definitions in 294 ms
Loading Creature template outfits...
>> Loaded 2 creature outfits in 0 ms
Loading Equipment templates...
>> Loaded 10934 equipment templates in 12 ms
Loading Creature template addons...
>> Loaded 8263 creature template addons in 11 ms
Loading Reputation Reward Rates...
>> Loaded 14 reputation_reward_rate in 0 ms
Loading Creature Reputation OnKill Data...
>> Loaded 2025 creature award reputation definitions in 4 ms
Loading Reputation Spillover Data...
>> Loaded 26 reputation_spillover_template in 0 ms
Loading Points Of Interest Data...
>> Loaded 453 Points of Interest definitions in 2 ms
Loading Creature Base Stats...
>> Loaded 400 creature base stats in 3 ms
Loading Creature Data...
>> Loaded 146770 creatures in 1090 ms
Loading Temporary Summon Data...
>> Loaded 380 temp summons in 2 ms
Loading pet levelup spells...
>> Loaded 993 pet levelup and default spells for 39 families in 3 ms
Loading pet default spells additional to levelup spells...
>> Loaded addition spells for 111 pet spell data entries in 1 ms
Loading summonable creature templates...
>> Loaded 401 summonable creature templates in 3 ms
Loading Creature Addon Data...
>> Loaded 34912 creature addons in 48 ms
Loading Gameobject Data...
>> Loaded 93912 gameobjects in 845 ms
Loading GameObject Addon Data...
>> Loaded 63937 gameobject addons in 129 ms
Loading GameObject Quest Items...
>> Loaded 857 gameobject quest items in 1 ms
Loading Creature Quest Items...
>> Loaded 4391 creature quest items in 4 ms
Loading Creature Linked Respawn...
>> Loaded 5685 linked respawns in 4 ms
Loading Weather Data...
>> Loaded 35 weather definitions in 1 ms
Loading Quests...
>> Loaded 9464 quests definitions in 245 ms
Checking Quest Disables
>> Checked 661 quest disables in 0 ms
Loading Quest POI
>> Loaded 18759 quest POI definitions in 77 ms
Loading Quests Starters and Enders...
Loading GO Start Quest Data...
>> Loaded 446 quest relations from gameobject_queststarter in 1 ms
Loading GO End Quest Data...
>> Loaded 456 quest relations from gameobject_questender in 2 ms
Loading Creature Start Quest Data...
>> Loaded 7445 quest relations from creature_queststarter in 14 ms
Loading Creature End Quest Data...
>> Loaded 7879 quest relations from creature_questender in 17 ms
Loading Objects Pooling Data...
>> Loaded 3045 objects pools in 2 ms
Loading Creatures Pooling Data...
>> Loaded 943 creatures in pools in 2 ms
Loading Gameobject Pooling Data...
>> Loaded 24080 gameobject in pools in 28 ms
Loading Mother Pooling Data...
>> Loaded 2271 pools in mother pools in 8 ms
Loading Quest Pooling Data...
>> Loaded 166 quests in pools in 0 ms
Starting objects pooling system...
Loading Game Event Data...
>> Loaded 67 game events in 0 ms.
Loading Game Event Saves Data...
>> Loaded 0 game event saves in game events. DB table `game_event_save` is empty.
Loading Game Event Prerequisite Data...
>> Loaded 0 game event prerequisites in game events. DB table `game_event_prerequisite` is empty.
Loading Game Event Creature Data...
>> Loaded 9540 creatures in game events in 7 ms.
Loading Game Event GO Data...
>> Loaded 29606 gameobjects in game events in 18 ms.
Loading Game Event Model/Equipment Change Data...
>> Loaded 9 model/equipment changes in game events in 0 ms.
Loading Game Event Quest Data...
>> Loaded 223 quests additions in game events in 1 ms.
Loading Game Event GO Quest Data...
>> Loaded 78 quests additions in game events in 0 ms.
Loading Game Event Quest Condition Data...
>> Loaded 0 quest event conditions in game events. DB table `game_event_quest_condition` is empty.
Loading Game Event Condition Data...
>> Loaded 0 conditions in game events. DB table `game_event_condition` is empty.
Loading Game Event Condition Save Data...
>> Loaded 0 condition saves in game events. DB table `game_event_condition_save` is empty.
Loading Game Event NPCflag Data...
>> Loaded 5 npcflags in game events in 1 ms.
Loading Game Event Seasonal Quest Relations...
>> Loaded 690 quests additions in game events in 0 ms.
Loading Game Event Vendor Additions Data...
>> Loaded 14 vendor additions in game events in 1 ms.
Loading Game Event Battleground Data...
>> Loaded 6 battleground holidays in game events in 0 ms.
Loading Game Event Pool Data...
>> Loaded 8 pools for game events in 0 ms.
Loading UNIT_NPC_FLAG_SPELLCLICK Data...
>> Loaded 324 spellclick definitions in 4 ms
Loading Vehicle Template Accessories...
>> Loaded 182 Vehicle Template Accessories in 0 ms
Loading Vehicle Accessories...
>> Loaded 0 Vehicle Accessories in 1 ms
Loading SpellArea Data...
>> Loaded 699 spell area requirements in 2 ms
Loading AreaTrigger definitions...
>> Loaded 275 area trigger teleport definitions in 1 ms
Loading Access Requirements...
>> Loaded 121 access requirement definitions in 1 ms
Loading Quest Area Triggers...
>> Loaded 60 quest trigger points in 0 ms
Loading Tavern Area Triggers...
>> Loaded 114 tavern triggers in 1 ms
Loading AreaTrigger script names...
>> Loaded 130 areatrigger scripts in 0 ms
Loading LFG entrance positions...
>> Loaded 18 lfg entrance positions in 1 ms
Loading Dungeon boss data...
>> Loaded 612 instance encounters in 1 ms
Loading LFG rewards...
>> Loaded 15 lfg dungeon rewards in 1 ms
Loading Graveyard-zone links...
>> Loaded 700 graveyard-zone links in 2 ms
Loading spell pet auras...
>> Loaded 47 spell pet auras in 0 ms
Loading Spell target coordinates...
>> Loaded 564 spell teleport coordinates in 2 ms
Loading enchant custom attributes...
>> Loaded 32 custom enchant attributes in 1 ms
Loading linked spells...
>> Loaded 459 linked spells in 1 ms
Loading Player Create Data...
>> Loaded 62 player create definitions in 1 ms
Loading Player Create Items Data...
>> Loaded 1 custom player create items in 1 ms
Loading Player Create Skill Data...
>> Loaded 1094 player create skills in 1 ms
Loading Player Create Spell Data...
>> Loaded 2680 custom player create spells in 1 ms
Loading Player Create Cast Spell Data...
>> Loaded 19 player create cast spells in 0 ms
Loading Player Create Action Data...
>> Loaded 325 player create actions in 1 ms
Loading Player Create Level HP/Mana Data...
>> Loaded 800 level health/mana definitions in 0 ms
Loading Player Create Level Stats Data...
>> Loaded 4960 level stats definitions in 8 ms
Loading Player Create XP Data...
>> Loaded 79 xp for level definitions in 0 ms
Loading Exploration BaseXP Data...
>> Loaded 80 BaseXP definitions in 1 ms
Loading Pet Name Parts...
>> Loaded 313 pet name parts in 0 ms
Loading the max pet number...
>> Loaded the max pet number: 0 in 1 ms
Loading pet level stats...
>> Loaded 2560 level pet stats definitions in 5 ms
Loading Player level dependent mail rewards...
>> Loaded 25 level dependent mail rewards in 0 ms
Loading creature loot templates...
>> Loaded 335654 creature loot templates in 766 ms
Loading fishing loot templates...
>> Loaded 246 fishing loot templates in 1 ms
Loading gameobject loot templates...
>> Loaded 18470 gameobject loot templates in 43 ms
Loading item loot templates...
>> Loaded 4987 item loot templates in 13 ms
Loading mail loot templates...
>> Loaded 90 mail loot templates in 1 ms
Loading milling loot templates...
>> Loaded 45 milling loot templates in 4 ms
Loading pickpocketing loot templates...
>> Loaded 11048 pickpocketing loot templates in 31 ms
Loading skinning loot templates...
>> Loaded 1900 skinning loot templates in 8 ms
Loading disenchanting loot templates...
>> Loaded 124 disenchanting loot templates in 5 ms
Loading prospecting loot templates...
>> Loaded 38 prospecting loot templates in 5 ms
Loading spell loot templates...
>> Loaded 170 spell loot templates in 3 ms
Loading reference loot templates...
>> Loaded refence loot templates in 51 ms
Loading Skill Discovery Table...
>> Loaded 347 skill discovery definitions in 3 ms.
Loading Skill Extra Item Table...
>> Loaded 225 spell specialization definitions in 1 ms
Loading Skill Perfection Data Table...
>> Loaded 72 spell perfection definitions in 0 ms.
Loading Skill Fishing base level requirements...
>> Loaded 95 areas for fishing base skill level in 1 ms
Loading Achievements...
>> Loaded 43 achievement references in 0 ms.
Loading Achievement Criteria Lists...
>> Loaded 7655 achievement criteria in 0 ms.
Loading Achievement Criteria Data...
>> Loaded 2668 additional achievement criteria data in 4 ms
Loading Achievement Rewards...
>> Loaded 112 achievement rewards in 1 ms.
Loading Achievement Reward Locales...
>> Loaded 0 achievement reward locale strings.  DB table `locales_achievement_reward` is empty.
Loading Completed Achievements...
>> Loaded 0 realm first completed achievements. DB table `character_achievement` is empty.
Loading Item Auctions...
>> Loaded 0 auction items. DB table `auctionhouse` or `item_instance` is empty!
Loading Auctions...
>> Loaded 0 auctions. DB table `auctionhouse` is empty.
Loading Guilds...
Loading guilds definitions...
>> Loaded 0 guild definitions. DB table `guild` is empty.
Loading ArenaTeams...
>> Loaded 0 arena teams. DB table `arena_team` is empty!
Loading Groups...
>> Loaded 0 group definitions. DB table `groups` is empty!
Loading ReservedNames...
>> Loaded 0 reserved player names. DB table `reserved_name` is empty!
Loading GameObjects for quests...
>> Loaded 1800 GameObjects for quests in 3 ms
Loading BattleMasters...
>> Loaded 146 battlemaster entries in 2 ms
Loading GameTeleports...
>> Loaded 1428 GameTeleports in 5 ms
Loading Gossip menu...
>> Loaded 5688 gossip_menu entries in 9 ms
Loading Gossip menu options...
>> Loaded 4039 gossip_menu_option entries in 19 ms
Loading Vendors...
>> Loaded 37499 Vendors in 61 ms
Loading Trainers...
>> Loaded 80045 Trainers in 259 ms
Loading Waypoints...
>> Loaded 110265 waypoints in 388 ms
Loading SmartAI Waypoints...
>> Loaded 454 SmartAI waypoint paths (total 5377 waypoints) in 5 ms
Loading Creature Formations...
>> Loaded 1073 creatures in formations in 2 ms
Loading World States...
>> Loaded 9 world states in 0 ms
Loading Conditions...
>> Loaded 13214 conditions in 41 ms
Loading faction change achievement pairs...
>> Loaded 125 faction change achievement pairs in 1 ms
Loading faction change spell pairs...
>> Loaded 107 faction change spell pairs in 0 ms
Loading faction change quest pairs...
>> Loaded 250 faction change quest pairs in 0 ms
Loading faction change item pairs...
>> Loaded 724 faction change item pairs in 1 ms
Loading faction change reputation pairs...
>> Loaded 16 faction change reputation pairs in 0 ms
Loading faction change title pairs...
>> Loaded 22 faction change title pairs in 0 ms
Loading GM tickets...
>> Loaded 0 GM tickets. DB table `gm_ticket` is empty!
Loading GM surveys...
>> Loaded GM Survey count from database in 0 ms
Loading client addons...
>> Loaded 23 known addons in 0 ms
Returning old mails...
>> No expired mails found.
Loading Autobroadcasts...
>> Loaded 0 autobroadcasts definitions. DB table `autobroadcast` is empty for this realm!
Loading spell_scripts...
>> Loaded 130 script definitions in 1 ms
Loading event_scripts...
>> Loaded 469 script definitions in 2 ms
Loading waypoint_scripts...
>> Loaded 672 script definitions in 4 ms
Loading spell script names...
>> Loaded 1601 spell script names in 3 ms
Loading Creature Texts...
>> Loaded 12423 creature texts for 2640 creatures in 22 ms
Loading Creature Text Locales...
>> Loaded 2 creature localized texts in 0 ms
Initializing Scripts...
Loading Script Waypoints for 74 creature(s)...
>> Loaded 1973 Script Waypoint nodes in 8 ms
Loading C++ scripts
>> Loaded 2569 C++ scripts in 52 ms
Validating spell scripts...
>> Validated 2001 scripts in 2 ms
Loading SmartAI scripts...
>> Loaded SmartAIMgr Helpers in 9 ms
>> Loaded 9596 SmartAI scripts in 100 ms
Loading Calendar data...
>> Loaded 0 calendar events
>> Loaded 0 calendar invites
Initialize game time and timers
Mail timer set to: 780, mail return is called every 1440 minutes
Starting Map System
Starting NpcBot system...
>> Spawned 0 npcbots. Table `characters_npcbot` is empty!
Starting Game Event system...
Initialize AuctionHouseBot...
Starting Arena Season...
Starting Battleground System
>> Loaded 11 battlegrounds in 0 ms
Starting Outdoor PvP System
>> Loaded 6 outdoor PvP definitions in 1 ms
Starting Battlefield System
Loading Transports...
>> Spawned 20 continent transports in 3 ms
Loading Warden Checks...
Loading Warden Action Overrides...
Deleting expired bans...
Calculate next daily quest reset time...
Calculate next weekly quest reset time...
Calculate next monthly quest reset time...
Calculate random battleground reset time...
Calculate guild limitation(s) reset time...
Loading character info store
Loaded character infos for 1 characters
World initialized in 0 minutes 7 seconds
TrinityCore rev. unknown 1970-01-01 00:00:00 +0000 (Archived branch) (Unix, Release, Static) (worldserver-daemon) ready...
Halting process...
